<?xml version="1.0" encoding="UTF-8"?>
<!-- Generated by org.testng.reporters.JUnitXMLReporter -->
<testsuite hostname="DESKTOP-IRQCGCA" ignored="0" tests="5" failures="0" timestamp="2020-05-02T21:25:04 EDT" time="42.288" errors="0">
  <testcase name="getData" time="2.341" classname="LoginRegistration"/>
  <testcase name="getData" time="2.24" classname="LoginRegistration"/>
  <testcase name="getData" time="2.637" classname="LoginRegistration"/>
  <testcase name="getData" time="2.336" classname="LoginRegistration"/>
  <testcase name="getData" time="2.458" classname="LoginRegistration"/>
</testsuite>
